2
5
7
20
10
41
11
25
36
3
137
95
136
124
6
30
97
65
90
38
52
162
13
33
77
53
82
12
15
139
18
26
28
23
47
74
22
39
63
19
133
125
21
35
58
67
135
106
24
72
109
42
46
32
40
31
34
57
119
61
70
43
83
51
44
60
45
50
48
54
96
117
49
66
68
55
56
99
71
64
59
62
166
76
89
69
92
149
73
86
79
75
84
78
94
81
80
93
101
91
85
87
100
88
118
102
98
105
103
111
170
104
122
114
147
108
107
115
112
110
116
120
159
113
126
130
163
121
123
148
165
141
127
128
151
129
131
132
134
138
140
142
145
143
144
164
146
150
155
152
158
153
154
156
161
157
160
37
