81
55
167
195
63
72
180
186
47
80
92
144
181
157
197
199
135
200
117
90
91
182
170
84
189
145
126
110
162
127
97
108
156
190
66
100
198
87
165
169
146
54
151
109
185
111
164
118
160
149
113
68
73
194
130
71
89
49
61
69
184
143
123
77
153
173
57
187
65
140
104
107
115
67
94
166
177
128
142
43
129
154
172
96
45
60
133
192
112
103
132
74
85
175
76
152
119
141
116
51
102
188
168
64
105
48
114
150
191
159
98
93
174
52
178
78
196
46
83
56
88
161
171
15
86
139
70
138
26
79
183
176
125
136
53
99
44
148
82
59
95
163
18
106
122
193
158
37
12
75
50
134
42
34
131
19
101
121
35
17
124
5
33
31
137
30
10
41
6
8
147
22
40
25
155
32
21
38
11
27
120
4
24
36
2
3
14
13
7
23
58
39
62
1
179
