2
1
9
5
4
7
111
3
35
37
36
11
16
38
34
15
20
19
39
14
42
110
25
50
43
45
24
41
31
57
112
56
116
48
49
47
54
46
179
44
58
173
52
59
55
175
177
109
51
139
115
181
114
178
200
129
120
135
131
174
113
117
100
185
142
150
133
194
145
151
187
188
136
87
97
184
143
119
148
195
189
132
118
101
146
96
186
127
190
102
134
199
140
170
130
106
122
182
154
183
191
124
160
123
141
125
157
168
126
197
152
153
147
166
171
158
128
176
161
138
180
192
137
193
196
149
198
159
164
144
156
162
155
167
165
169
172
163
121
103
107
105
99
104
98
95
93
92
88
86
85
94
91
89
82
90
80
81
83
78
84
75
76
74
77
79
70
68
72
64
61
65
66
71
108
62
69
67
63
60
53
40
27
32
30
13
22
21
23
17
6
8
33
18
28
73
26
29
12
10
