122
52
186
24
7
102
180
126
77
114
143
189
161
194
188
56
165
71
70
130
47
190
91
13
140
82
18
192
12
6
185
68
79
155
48
25
148
119
135
87
81
174
90
92
177
5
4
176
169
125
86
144
167
30
170
65
54
63
121
37
191
146
46
183
73
26
15
164
172
107
11
21
34
2
93
76
116
179
66
55
117
43
99
108
141
187
89
41
58
152
72
133
104
110
38
168
60
154
159
118
53
136
84
157
184
120
64
106
162
103
123
158
69
27
113
100
14
88
139
200
111
23
97
182
85
166
8
175
197
51
131
199
101
128
112
147
19
57
80
16
35
156
98
36
178
