82
20
176
112
194
101
71
83
36
132
152
106
68
156
197
15
8
54
10
164
63
105
62
29
30
28
24
198
162
184
130
178
147
7
189
46
140
78
66
131
155
134
104
100
175
91
38
13
16
185
121
26
42
80
148
136
49
34
146
92
79
153
174
190
128
60
199
31
90
150
93
144
27
98
186
44
73
163
200
76
119
167
35
195
69
74
89
41
151
149
188
61
72
138
32
94
84
95
187
196
18
110
21
52
157
85
65
88
25
170
135
142
37
137
129
139
109
154
43
177
159
115
160
124
2
141
102
97
58
5
75
165
45
33
87
6
70
56
181
64
47
118
161
14
113
120
116
108
1
122
114
86
3
22
51
171
40
180
193
81
172
168
145
57
11
158
191
125
107
96
173
183
39
111
103
117
127
50
67
48
55
133
53
59
4
23
179
166
17
99
12
192
19
123
143
9
182
169
77
126
