4
126
150
146
55
117
114
95
119
24
135
49
193
72
65
118
163
179
76
52
91
190
143
86
184
156
174
6
87
7
131
180
27
51
125
157
107
161
171
89
176
120
97
63
28
111
77
159
169
183
69
152
9
93
170
37
164
192
189
58
173
103
88
45
158
78
1
31
181
148
79
121
110
39
106
137
105
182
44
54
64
113
16
26
20
21
22
123
128
142
132
56
83
194
41
47
11
84
165
43
124
2
141
186
8
199
85
195
36
160
3
73
13
53
23
198
122
35
67
10
140
60
14
12
178
38
68
61
129
34
188
144
153
96
80
46
82
139
191
57
19
81
154
196
50
187
104
200
136
18
155
177
59
98
116
71
138
66
175
168
134
75
17
166
48
42
74
99
145
133
92
33
185
5
149
112
130
29
162
147
94
32
127
100
197
30
40
151
108
101
62
167
172
115
109
15
102
70
25
90
