84
169
43
125
4
41
50
100
102
60
164
53
30
138
47
123
156
58
130
90
24
113
64
146
95
155
124
141
132
21
116
158
89
106
75
85
68
150
114
6
86
99
98
65
110
128
136
160
81
120
48
126
69
149
88
147
45
172
135
46
40
77
118
133
144
80
56
177
129
79
63
107
59
139
134
76
12
170
87
10
92
171
73
103
148
101
178
122
151
74
35
29
104
157
173
142
117
162
97
71
54
112
127
161
174
62
61
111
44
55
72
152
94
121
119
176
168
32
137
70
18
159
38
66
115
82
83
96
91
145
9
163
26
51
143
28
175
16
36
180
108
49
37
179
109
5
15
153
19
31
42
17
105
165
93
167
52
131
3
8
11
154
67
33
166
14
7
1
20
23
140
39
13
25
78
22
27
2
57
34
