134
67
158
187
49
63
90
172
32
29
106
107
8
153
69
164
100
142
193
124
71
117
196
178
50
110
148
80
125
137
96
131
154
139
109
195
169
176
177
17
122
85
38
72
141
128
70
36
55
194
7
199
97
111
19
136
156
133
4
53
83
84
198
10
18
102
39
61
179
13
54
59
14
159
25
192
98
191
15
34
149
76
188
151
42
163
28
45
162
68
24
147
31
182
79
166
56
161
173
16
120
132
5
138
2
190
115
105
21
30
20
126
35
145
189
52
94
129
108
89
44
82
155
103
99
62
74
144
135
121
140
165
78
37
160
168
46
88
184
65
81
104
114
119
58
143
86
113
27
12
183
57
170
